@I 0xd1684 ld a0, 40(s2) @A 0x989f78
@F 0
@B 1
@M 1000
@I 0xd1688 c_slli a5, 32
@F 0
@B 1
@I 0xd168a c_srli a5, 28
@F 0
@B 1
@I 0xd168c c_add a5, a0
@F 0
@B 1
@I 0xd168e sd s5, 0(a5) @A 0xa82130
@F 0
@B 1
@M 7000
@I 0xd1692 lwu a4, 52(s2) @A 0x989f84
@F 0
@B 1
@M 1000
@I 0xd1696 ld a5, 40(s2) @A 0x989f78
@F 0
@B 1
@M 1000
@I 0xd169a c_slli a4, 4
@F 0
@B 1
@I 0xd169c c_add a5, a4
@F 0
@B 1
@I 0xd169e c_li a4, 10
@F 0
@B 1
@I 0xd16a0 c_sw a4, 8(a5) @A 0xa82138
@F 0
@B 1
@M 6000
@I 0xd16a2 lw a5, 52(s2) @A 0x989f84
@F 0
@B 1
@M 1000
@I 0xd16a6 sd s3, 16(s2) @A 0x989f60
@F 0
@B 1
@M 6500
@I 0xd16aa c_addiw a5, 1
@F 0
@B 1
@I 0xd16ac sw a5, 52(s2) @A 0x989f84
@F 0
@B 1
@M 6500
@I 0xd16b0 c_ldsp ra, 104(sp) @A 0x7fffffffffffeb08
@F 0
@B 1
@M 1000
@I 0xd16b2 c_ldsp s0, 96(sp) @A 0x7fffffffffffeb00
@F 0
@B 1
@M 1000
@I 0xd16b4 c_ldsp s1, 88(sp) @A 0x7fffffffffffeaf8
@F 0
@B 1
@M 1000
@I 0xd16b6 c_ldsp s2, 80(sp) @A 0x7fffffffffffeaf0
@F 0
@B 1
@M 1000
@I 0xd16b8 c_ldsp s3, 72(sp) @A 0x7fffffffffffeae8
@F 0
@B 1
@M 1500
@I 0xd16ba c_ldsp s4, 64(sp) @A 0x7fffffffffffeae0
@F 0
@B 1
@M 1500
@I 0xd16bc c_ldsp s5, 56(sp) @A 0x7fffffffffffead8
@F 0
@B 1
@M 1500
@I 0xd16be c_ldsp s6, 48(sp) @A 0x7fffffffffffead0
@F 0
@B 1
@M 2000
@I 0xd16c0 c_ldsp s7, 40(sp) @A 0x7fffffffffffeac8
@F 500
@B 1
@M 1500
@I 0xd16c2 c_ldsp s8, 32(sp) @A 0x7fffffffffffeac0
@F 0
@B 1
@M 2000
@I 0xd16c4 c_ldsp s9, 24(sp) @A 0x7fffffffffffeab8
@F 0
@B 1
@M 2000
@I 0xd16c6 c_ldsp s10, 16(sp) @A 0x7fffffffffffeab0
@F 0
@B 1
@M 2000
@I 0xd16c8 c_ldsp s11, 8(sp) @A 0x7fffffffffffeaa8
@F 0
@B 1
@M 2000
@I 0xd16ca c_addi16sp sp, 112
@F 0
@B 1
@I 0xd16cc c_jr ra
@F 0
@B 0
@I 0xd4794 c_j -256
@F 500
@B 1
@I 0xd4694 lw a5, 484(s1) @A 0x9845a4
@F 500
@B 1
@M 1000
@I 0xd4698 c_bnez a5, 22
@F 0
@B 1
@I 0xd469a ld s2, 456(s1) @A 0x984588
@F 0
@B 1
@M 1000
@I 0xd469e addi a5, s1, 440
@F 0
@B 1
@I 0xd46a2 sd a5, 472(s1) @A 0x984598
@F 0
@B 1
@M 3500
@I 0xd46a6 addi a5, s2, 24
@F 0
@B 1
@I 0xd46aa sd a5, 432(s1) @A 0x984570
@F 0
@B 1
@M 4500
@I 0xd46ae addi a5, zero, 64
@F 0
@B 1
@I 0xd46b2 sh a5, 6(s2) @A 0x9848e6
@F 0
@B 1
@M 4500
@I 0xd46b6 lbu a4, 25(s1) @A 0x9843d9
@F 0
@B 1
@M 1000
@I 0xd46ba c_li a5, 2
@F 0
@B 1
@I 0xd46bc beq a4, a5, 198
@F 0
@B 1
@I 0xd46c0 c_ld s0, 0(s1) @A 0x9843c0
@F 500
@B 1
@M 1000
@I 0xd46c2 lui s6, 1760
@F 0
@B 1
@I 0xd46c6 addi s6, s6, -1968
@F 0
@B 1
@I 0xd46ca c_ld a5, 40(s1) @A 0x9843e8
@F 0
@B 1
@M 1000
@I 0xd46cc c_lw a5, 36(a5) @A 0x949024
@F 0
@B 1
@M 2500
@I 0xd46ce sw a5, 0(s2) @A 0x9848e0
@F 0
@B 1
@M 7000
@I 0xd46d2 lwu a3, 48(s0) @A 0x989f80
@F 0
@B 1
@M 2000
@I 0xd46d6 c_ld a4, 40(s0) @A 0x989f78
@F 0
@B 1
@M 2000
@I 0xd46d8 c_ld a5, 0(s0) @A 0x989f50
@F 0
@B 1
@M 1500
@I 0xd46da c_slli a3, 4
@F 0
@B 1
@I 0xd46dc c_add a4, a3
@F 0
@B 1
@I 0xd46de c_ld a4, 0(a4) @A 0xa82130
@F 0
@B 1
@M 3500
@I 0xd46e0 bgeu a5, a4, 64
@F 0
@B 1
@I 0xd46e4 addi a1, a5, 1
@F 0
@B 1
@I 0xd46e8 c_sd a1, 0(s0) @A 0x989f50
@F 0
@B 1
@M 7000
@I 0xd46ea c_ld a0, 40(s1) @A 0x9843e8
@F 0
@B 1
@M 1000
@I 0xd46ec c_ld a4, 8(s0) @A 0x989f58
@F 500
@B 1
@M 1000
@I 0xd46ee lbu s3, 0(a5) @A 0x40000000002dd961
@F 0
@B 1
@M 1000
@I 0xd46f2 c_lw a5, 40(a0) @A 0x949028
@F 0
@B 1
@M 1000
@I 0xd46f4 c_subw a1, a4
@F 0
@B 1
@I 0xd46f6 addiw s7, s3, 0
@F 0
@B 1
@I 0xd46fa bgeu a1, a5, 126
@F 0
@B 1
@I 0xd46fe c_lw a5, 36(a0) @A 0x949024
@F 0
@B 1
@M 1000
@I 0xd4700 c_lw a4, 32(a0) @A 0x949020
@F 500
@B 1
@M 1500
@I 0xd4702 c_addw a5, a1
@F 0
@B 1
@I 0xd4704 c_mv a1, a5
@F 0
@B 1
@I 0xd4706 bgeu a5, a4, 50
@F 0
@B 0
@I 0xd4738 c_sw a5, 32(a0) @A 0x949020
@F 500
@B 1
@M 3000
@I 0xd473a c_j -48
@F 0
@B 1
@I 0xd470a sw a1, 0(s2) @A 0x9848e0
@F 500
@B 1
@M 3000
@I 0xd470e addi a5, zero, 126
@F 0
@B 1
@I 0xd4712 bltu a5, s3, 1618
@F 0
@B 1
@I 0xd4716 c_slli s3, 2
@F 0
@B 1
@I 0xd4718 c_add s3, s6
@F 0
@B 1
@I 0xd471a lw a5, 0(s3) @A 0x6df8d0
@F 0
@B 1
@M 2000
@I 0xd471e c_jr a5
@F 0
@B 0
@I 0xd4aec lhu a5, 6(s2) @A 0x9848e6
@F 500
@B 1
@M 1000
@I 0xd4af0 lui s9, 2002
@F 0
@B 1
@I 0xd4af4 c_lui s8, 1
@F 0
@B 1
@I 0xd4af6 ori a5, a5, 1
@F 0
@B 1
@I 0xd4afa sh a5, 6(s2) @A 0x9848e6
@F 0
@B 1
@M 4500
@I 0xd4afe ld s3, 0(s1) @A 0x9843c0
@F 500
@B 1
@M 1000
@I 0xd4b02 c_li a6, 0
@F 0
@B 1
@I 0xd4b04 addi s9, s9, 736
@F 0
@B 1
@I 0xd4b08 ld a4, 0(s3) @A 0x989f50
@F 0
@B 1
@M 2000
@I 0xd4b0c addi s10, zero, 32
@F 0
@B 1
@I 0xd4b10 c_li s11, 9
@F 0
@B 1
@I 0xd4b12 lui a7, 1760
@F 0
@B 1
@I 0xd4b16 addi s8, s8, -2048
@F 0
@B 1
@I 0xd4b1a beq s7, s10, 70
@F 0
@B 0
@I 0xd4b60 addi a3, a4, 1
@F 36500
@B 1
@I 0xd4b64 sd a3, 0(s3) @A 0x989f50
@F 0
@B 1
@M 3500
@I 0xd4b68 lbu s7, 0(a4) @A 0x40000000002dd962
@F 0
@B 1
@M 1000
@I 0xd4b6c slli a5, s7, 1
@F 0
@B 1
@I 0xd4b70 c_add a5, s9
@F 0
@B 1
@I 0xd4b72 lhu a5, 0(a5) @A 0x7d2320
@F 0
@B 1
@M 3000
@I 0xd4b76 and a5, s8, a5
@F 0
@B 1
